2019-11-22 20:02:49.728 +08:00 INFO gcs-cli 28780 gcs-cli/cmd/main.go main():13 - gcs-cli.[main.go:13] [welcome to gcs cli] 
2019-11-22 20:02:49.728 +08:00 INFO gcs-cli 28780 gcs-cli/cmd/main.go main():22 - gcs-cli.[main.go:22] [current user: suyanan, current command: [gcs sub wdl grandsv.wdl -i grandsv_inputs.json -o cci.options -d tasks.zip -n grandsv -s gcs-env-grand-med-research]] 
2019-11-22 20:02:50.164 +08:00 INFO gcs-cli 28780 gcs-cli/pkg/util/net/http.go sendReqResult():182 - gcs-cli.[http.go:182] [Send Request Result <nil> gcs.cn-north-1.myhuaweicloud.com https://gcs.cn-north-1.myhuaweicloud.com/v1/environments] 
2019-11-22 20:03:04.876 +08:00 INFO gcs-cli 28780 gcs-cli/pkg/commands/sub_wdl.go createWDLReq():240 - gcs-cli.[sub_wdl.go:240] [create wdl succeed] 
2019-11-22 20:03:04.876 +08:00 INFO gcs-cli 28780 gcs-cli/pkg/util/net/http.go sendReqResult():182 - gcs-cli.[http.go:182] [Send Request Result <nil> gcs.cn-north-1.myhuaweicloud.com https://gcs.cn-north-1.myhuaweicloud.com/v1/executions_extend] 
2019-11-22 20:03:04.878 +08:00 INFO gcs-cli 28780 gcs-cli/pkg/commands/sub_wdl.go SubWDL():119 - gcs-cli.[sub_wdl.go:119] [sub wdl succeed] 
2019-11-22 20:04:17.681 +08:00 INFO gcs-cli 28800 gcs-cli/cmd/main.go main():13 - gcs-cli.[main.go:13] [welcome to gcs cli] 
2019-11-22 20:04:17.682 +08:00 INFO gcs-cli 28800 gcs-cli/cmd/main.go main():22 - gcs-cli.[main.go:22] [current user: suyanan, current command: [gcs get env]] 
2019-11-22 20:04:18.280 +08:00 INFO gcs-cli 28800 gcs-cli/pkg/util/net/http.go sendReqResult():182 - gcs-cli.[http.go:182] [Send Request Result <nil> gcs.cn-north-1.myhuaweicloud.com https://gcs.cn-north-1.myhuaweicloud.com/v1/environments] 
2019-11-22 20:04:18.280 +08:00 INFO gcs-cli 28800 gcs-cli/pkg/commands/get_environment.go GetEnvironment():99 - gcs-cli.[get_environment.go:99] [get environment succeed] 
2019-11-22 20:05:33.154 +08:00 INFO gcs-cli 28825 gcs-cli/cmd/main.go main():13 - gcs-cli.[main.go:13] [welcome to gcs cli] 
2019-11-22 20:05:33.155 +08:00 INFO gcs-cli 28825 gcs-cli/cmd/main.go main():22 - gcs-cli.[main.go:22] [current user: suyanan, current command: [gcs get envgcs get wdl 6fd941bf-31a7-4302-af7f-7c18e23a54c8]] 
2019-11-22 20:06:19.013 +08:00 INFO gcs-cli 28843 gcs-cli/cmd/main.go main():13 - gcs-cli.[main.go:13] [welcome to gcs cli] 
2019-11-22 20:06:19.013 +08:00 INFO gcs-cli 28843 gcs-cli/cmd/main.go main():22 - gcs-cli.[main.go:22] [current user: suyanan, current command: [gcs get wdl 6fd941bf-31a7-4302-af7f-7c18e23a54c8]] 
2019-11-22 20:06:19.043 +08:00 INFO gcs-cli 28843 gcs-cli/pkg/util/net/http.go sendReqResult():182 - gcs-cli.[http.go:182] [Send Request Result <nil> gcs.cn-north-1.myhuaweicloud.com https://gcs.cn-north-1.myhuaweicloud.com/v1/executions_extend/6fd941bf-31a7-4302-af7f-7c18e23a54c8] 
2019-11-22 20:06:19.044 +08:00 INFO gcs-cli 28843 gcs-cli/pkg/commands/get_wdl.go GetWDL():51 - gcs-cli.[get_wdl.go:51] [get wdl succeed] 
2019-11-22 20:28:34.642 +08:00 INFO gcs-cli 30305 gcs-cli/cmd/main.go main():13 - gcs-cli.[main.go:13] [welcome to gcs cli] 
2019-11-22 20:28:34.642 +08:00 INFO gcs-cli 30305 gcs-cli/cmd/main.go main():22 - gcs-cli.[main.go:22] [current user: suyanan, current command: [gcs sub wdl grandsv.wdl -i grandsv_inputs.json -o cci.options -d tasks.zip -n grandsv -s gcs-env-grand-med-research]] 
2019-11-22 20:28:35.127 +08:00 INFO gcs-cli 30305 gcs-cli/pkg/util/net/http.go sendReqResult():182 - gcs-cli.[http.go:182] [Send Request Result <nil> gcs.cn-north-1.myhuaweicloud.com https://gcs.cn-north-1.myhuaweicloud.com/v1/environments] 
2019-11-22 20:28:42.787 +08:00 INFO gcs-cli 30305 gcs-cli/pkg/commands/sub_wdl.go createWDLReq():240 - gcs-cli.[sub_wdl.go:240] [create wdl succeed] 
2019-11-22 20:28:42.787 +08:00 INFO gcs-cli 30305 gcs-cli/pkg/util/net/http.go sendReqResult():182 - gcs-cli.[http.go:182] [Send Request Result <nil> gcs.cn-north-1.myhuaweicloud.com https://gcs.cn-north-1.myhuaweicloud.com/v1/executions_extend] 
2019-11-22 20:28:42.788 +08:00 INFO gcs-cli 30305 gcs-cli/pkg/commands/sub_wdl.go SubWDL():119 - gcs-cli.[sub_wdl.go:119] [sub wdl succeed] 
2019-11-25 10:26:55.530 +08:00 INFO gcs-cli 4451 gcs-cli/cmd/main.go main():13 - gcs-cli.[main.go:13] [welcome to gcs cli] 
2019-11-25 10:26:55.530 +08:00 INFO gcs-cli 4451 gcs-cli/cmd/main.go main():22 - gcs-cli.[main.go:22] [current user: suyanan, current command: [gcs sub wdl grandsv.wdl -i grandsv_inputs.json -o cci.options -d tasks.zip -n grandsv -s gcs-env-grand-med-research]] 
2019-11-25 10:26:55.554 +08:00 INFO gcs-cli 4451 gcs-cli/pkg/util/iam/iam.go PrepareServiceToken():184 - gcs-cli.[iam.go:184] [service token req: https://iam.cn-north-1.myhuaweicloud.com/v3/auth/tokens] 
2019-11-25 10:26:55.592 +08:00 INFO gcs-cli 4451 gcs-cli/pkg/util/iam/iam.go PrepareServiceToken():206 - gcs-cli.[iam.go:206] [Get token success] 
2019-11-25 10:26:55.592 +08:00 INFO gcs-cli 4451 gcs-cli/pkg/util/net/http.go sendReqResult():182 - gcs-cli.[http.go:182] [Send Request Result <nil> iam.cn-north-1.myhuaweicloud.com https://iam.cn-north-1.myhuaweicloud.com/v3/auth/tokens] 
2019-11-25 10:26:55.977 +08:00 INFO gcs-cli 4451 gcs-cli/pkg/util/net/http.go sendReqResult():182 - gcs-cli.[http.go:182] [Send Request Result <nil> gcs.cn-north-1.myhuaweicloud.com https://gcs.cn-north-1.myhuaweicloud.com/v1/environments] 
2019-11-25 10:27:03.998 +08:00 INFO gcs-cli 4451 gcs-cli/pkg/commands/sub_wdl.go createWDLReq():240 - gcs-cli.[sub_wdl.go:240] [create wdl succeed] 
2019-11-25 10:27:03.998 +08:00 INFO gcs-cli 4451 gcs-cli/pkg/util/net/http.go sendReqResult():182 - gcs-cli.[http.go:182] [Send Request Result <nil> gcs.cn-north-1.myhuaweicloud.com https://gcs.cn-north-1.myhuaweicloud.com/v1/executions_extend] 
2019-11-25 10:27:03.999 +08:00 INFO gcs-cli 4451 gcs-cli/pkg/commands/sub_wdl.go SubWDL():119 - gcs-cli.[sub_wdl.go:119] [sub wdl succeed] 
2019-12-25 15:52:46.373 +08:00 INFO gcs-cli 7413 gcs-cli/cmd/main.go main():13 - gcs-cli.[main.go:13] [welcome to gcs cli] 
2019-12-25 15:52:46.373 +08:00 INFO gcs-cli 7413 gcs-cli/cmd/main.go main():22 - gcs-cli.[main.go:22] [current user: suyanan, current command: [gcs sub wdl]] 
2019-12-25 15:52:46.376 +08:00 ERROR gcs-cli 7413 gcs-cli/pkg/commands/sub_wdl.go SubWDL():70 - gcs-cli.[sub_wdl.go:70] [sub wdl command needs only one arguments wdl file ] 
2019-12-25 15:54:04.913 +08:00 INFO gcs-cli 26915 gcs-cli/cmd/main.go main():13 - gcs-cli.[main.go:13] [welcome to gcs cli] 
2019-12-25 15:54:04.917 +08:00 INFO gcs-cli 26915 gcs-cli/cmd/main.go main():22 - gcs-cli.[main.go:22] [current user: suyanan, current command: [gcs sub wdl grandsv.wdl -i grandsv_inputs.json -o cci.options -d tasks.zip -n grandsv -s gcs-env-grand-med-research]] 
2019-12-25 15:54:04.979 +08:00 INFO gcs-cli 26915 gcs-cli/pkg/util/iam/iam.go PrepareServiceToken():184 - gcs-cli.[iam.go:184] [service token req: https://iam.cn-north-1.myhuaweicloud.com/v3/auth/tokens] 
2019-12-25 15:54:05.091 +08:00 INFO gcs-cli 26915 gcs-cli/pkg/util/iam/iam.go PrepareServiceToken():206 - gcs-cli.[iam.go:206] [Get token success] 
2019-12-25 15:54:05.091 +08:00 INFO gcs-cli 26915 gcs-cli/pkg/util/net/http.go sendReqResult():182 - gcs-cli.[http.go:182] [Send Request Result <nil> iam.cn-north-1.myhuaweicloud.com https://iam.cn-north-1.myhuaweicloud.com/v3/auth/tokens] 
2019-12-25 15:54:05.425 +08:00 INFO gcs-cli 26915 gcs-cli/pkg/util/net/http.go sendReqResult():182 - gcs-cli.[http.go:182] [Send Request Result <nil> gcs.cn-north-1.myhuaweicloud.com https://gcs.cn-north-1.myhuaweicloud.com/v1/environments] 
2019-12-25 15:54:24.147 +08:00 INFO gcs-cli 26915 gcs-cli/pkg/commands/sub_wdl.go createWDLReq():240 - gcs-cli.[sub_wdl.go:240] [create wdl succeed] 
2019-12-25 15:54:24.148 +08:00 INFO gcs-cli 26915 gcs-cli/pkg/commands/sub_wdl.go SubWDL():119 - gcs-cli.[sub_wdl.go:119] [sub wdl succeed] 
2019-12-25 15:54:24.147 +08:00 INFO gcs-cli 26915 gcs-cli/pkg/util/net/http.go sendReqResult():182 - gcs-cli.[http.go:182] [Send Request Result <nil> gcs.cn-north-1.myhuaweicloud.com https://gcs.cn-north-1.myhuaweicloud.com/v1/executions_extend] 
2019-12-25 17:32:47.502 +08:00 INFO gcs-cli 4095 gcs-cli/cmd/main.go main():13 - gcs-cli.[main.go:13] [welcome to gcs cli] 
2019-12-25 17:32:47.502 +08:00 INFO gcs-cli 4095 gcs-cli/cmd/main.go main():22 - gcs-cli.[main.go:22] [current user: suyanan, current command: [gcs get wdl fb62a7ad-8d72-4730-93b2-098ab8467c91]] 
2019-12-25 17:32:47.546 +08:00 INFO gcs-cli 4095 gcs-cli/pkg/commands/get_wdl.go GetWDL():51 - gcs-cli.[get_wdl.go:51] [get wdl succeed] 
2019-12-25 17:32:47.549 +08:00 INFO gcs-cli 4095 gcs-cli/pkg/util/net/http.go sendReqResult():182 - gcs-cli.[http.go:182] [Send Request Result <nil> gcs.cn-north-1.myhuaweicloud.com https://gcs.cn-north-1.myhuaweicloud.com/v1/executions_extend/fb62a7ad-8d72-4730-93b2-098ab8467c91] 
2019-12-25 17:34:53.697 +08:00 INFO gcs-cli 6474 gcs-cli/cmd/main.go main():13 - gcs-cli.[main.go:13] [welcome to gcs cli] 
2019-12-25 17:34:53.697 +08:00 INFO gcs-cli 6474 gcs-cli/cmd/main.go main():22 - gcs-cli.[main.go:22] [current user: suyanan, current command: [gcs get wdl fb62a7ad-8d72-4730-93b2-098ab8467c91]] 
2019-12-25 17:34:53.741 +08:00 ERROR gcs-cli 6474 gcs-cli/pkg/commands/get_wdl.go getWDL():103 - gcs-cli.[get_wdl.go:103] [get wdl response error code 404 resp {
  "error_msg": "Bad request, execution is not exist.",
  "error_code": "GCS.4044007",
  "extend": "\u003cQuerySeter\u003e no row found",
  "show_detail": false
} ] 
2019-12-25 17:34:53.741 +08:00 ERROR gcs-cli 6474 gcs-cli/pkg/commands/get_wdl.go GetWDL():48 - gcs-cli.[get_wdl.go:48] [get wdl failed get wdl response error code 404 resp {
  "error_msg": "Bad request, execution is not exist.",
  "error_code": "GCS.4044007",
  "extend": "\u003cQuerySeter\u003e no row found",
  "show_detail": false
} ] 
2019-12-25 18:03:07.678 +08:00 INFO gcs-cli 20314 gcs-cli/cmd/main.go main():13 - gcs-cli.[main.go:13] [welcome to gcs cli] 
2019-12-25 18:03:07.679 +08:00 INFO gcs-cli 20314 gcs-cli/cmd/main.go main():22 - gcs-cli.[main.go:22] [current user: suyanan, current command: [gcs sub wdl grandsv.wdl -i grandsv_inputs.json -o cci.options -d tasks.zip -n grandsv -s gcs-env-grand-med-research]] 
2019-12-25 18:03:08.035 +08:00 INFO gcs-cli 20314 gcs-cli/pkg/util/net/http.go sendReqResult():182 - gcs-cli.[http.go:182] [Send Request Result <nil> gcs.cn-north-1.myhuaweicloud.com https://gcs.cn-north-1.myhuaweicloud.com/v1/environments] 
2019-12-25 18:04:08.057 +08:00 ERROR gcs-cli 20314 gcs-cli/pkg/commands/sub_wdl.go createWDLReq():237 - gcs-cli.[sub_wdl.go:237] [create wdl failed statusCode 504 resp: {"request_id":"4ba432b41ece982558b986629853aa1d","error_code":"APIGW.0201","error_msg":"Service GCS timed out (60000 ms)"}
] 
2019-12-25 18:04:08.057 +08:00 INFO gcs-cli 20314 gcs-cli/pkg/util/net/http.go sendReqResult():182 - gcs-cli.[http.go:182] [Send Request Result <nil> gcs.cn-north-1.myhuaweicloud.com https://gcs.cn-north-1.myhuaweicloud.com/v1/executions_extend] 
2019-12-25 18:04:08.059 +08:00 ERROR gcs-cli 20314 gcs-cli/pkg/commands/sub_wdl.go SubWDL():116 - gcs-cli.[sub_wdl.go:116] [create wdl failed create wdl failed statusCode 504 resp: {"request_id":"4ba432b41ece982558b986629853aa1d","error_code":"APIGW.0201","error_msg":"Service GCS timed out (60000 ms)"}
] 
2019-12-25 20:02:27.171 +08:00 INFO gcs-cli 25605 gcs-cli/cmd/main.go main():13 - gcs-cli.[main.go:13] [welcome to gcs cli] 
2019-12-25 20:02:27.171 +08:00 INFO gcs-cli 25605 gcs-cli/cmd/main.go main():22 - gcs-cli.[main.go:22] [current user: suyanan, current command: [gcs sub wdl grandsv.wdl -i grandsv_inputs.json -o cci.options -d tasks.zip -n grandsv -s gcs-env-grand-med-research]] 
2019-12-25 20:02:27.663 +08:00 INFO gcs-cli 25605 gcs-cli/pkg/util/net/http.go sendReqResult():182 - gcs-cli.[http.go:182] [Send Request Result <nil> gcs.cn-north-1.myhuaweicloud.com https://gcs.cn-north-1.myhuaweicloud.com/v1/environments] 
2019-12-25 20:03:27.684 +08:00 ERROR gcs-cli 25605 gcs-cli/pkg/commands/sub_wdl.go createWDLReq():237 - gcs-cli.[sub_wdl.go:237] [create wdl failed statusCode 504 resp: {"request_id":"ce4a569ac08972188a5509403c3106ea","error_code":"APIGW.0201","error_msg":"Service GCS timed out (60000 ms)"}
] 
2019-12-25 20:03:27.685 +08:00 ERROR gcs-cli 25605 gcs-cli/pkg/commands/sub_wdl.go SubWDL():116 - gcs-cli.[sub_wdl.go:116] [create wdl failed create wdl failed statusCode 504 resp: {"request_id":"ce4a569ac08972188a5509403c3106ea","error_code":"APIGW.0201","error_msg":"Service GCS timed out (60000 ms)"}
] 
2019-12-25 20:03:27.684 +08:00 INFO gcs-cli 25605 gcs-cli/pkg/util/net/http.go sendReqResult():182 - gcs-cli.[http.go:182] [Send Request Result <nil> gcs.cn-north-1.myhuaweicloud.com https://gcs.cn-north-1.myhuaweicloud.com/v1/executions_extend] 
2019-12-25 20:04:42.386 +08:00 INFO gcs-cli 10035 gcs-cli/cmd/main.go main():13 - gcs-cli.[main.go:13] [welcome to gcs cli] 
2019-12-25 20:04:42.386 +08:00 INFO gcs-cli 10035 gcs-cli/cmd/main.go main():22 - gcs-cli.[main.go:22] [current user: suyanan, current command: [gcs sub wdl grandsv.wdl -i grandsv_inputs.json -o cci.options -d tasks.zip -n grandsv -s gcs-env-grand-med-researchl]] 
2019-12-25 20:04:42.855 +08:00 INFO gcs-cli 10035 gcs-cli/pkg/util/net/http.go sendReqResult():182 - gcs-cli.[http.go:182] [Send Request Result <nil> gcs.cn-north-1.myhuaweicloud.com https://gcs.cn-north-1.myhuaweicloud.com/v1/environments] 
2019-12-25 20:04:42.855 +08:00 ERROR gcs-cli 10035 gcs-cli/pkg/commands/args_validate.go validateEnv():119 - gcs-cli.[args_validate.go:119] [environment gcs-env-grand-med-researchl is not exist] 
2019-12-25 20:05:06.533 +08:00 INFO gcs-cli 18555 gcs-cli/cmd/main.go main():13 - gcs-cli.[main.go:13] [welcome to gcs cli] 
2019-12-25 20:05:06.533 +08:00 INFO gcs-cli 18555 gcs-cli/cmd/main.go main():22 - gcs-cli.[main.go:22] [current user: suyanan, current command: [gcs sub wdl grandsv.wdl -i grandsv_inputs.json -o cci.options -d tasks.zip -n grandsv -s gcs-env-grand-med-research]] 
2019-12-25 20:05:06.863 +08:00 INFO gcs-cli 18555 gcs-cli/pkg/util/net/http.go sendReqResult():182 - gcs-cli.[http.go:182] [Send Request Result <nil> gcs.cn-north-1.myhuaweicloud.com https://gcs.cn-north-1.myhuaweicloud.com/v1/environments] 
2019-12-25 20:06:06.895 +08:00 ERROR gcs-cli 18555 gcs-cli/pkg/commands/sub_wdl.go createWDLReq():237 - gcs-cli.[sub_wdl.go:237] [create wdl failed statusCode 504 resp: {"request_id":"a951fa36ffd6766f7e5f7f1d462d6977","error_code":"APIGW.0201","error_msg":"Service GCS timed out (60000 ms)"}
] 
2019-12-25 20:06:06.895 +08:00 INFO gcs-cli 18555 gcs-cli/pkg/util/net/http.go sendReqResult():182 - gcs-cli.[http.go:182] [Send Request Result <nil> gcs.cn-north-1.myhuaweicloud.com https://gcs.cn-north-1.myhuaweicloud.com/v1/executions_extend] 
2019-12-25 20:06:06.897 +08:00 ERROR gcs-cli 18555 gcs-cli/pkg/commands/sub_wdl.go SubWDL():116 - gcs-cli.[sub_wdl.go:116] [create wdl failed create wdl failed statusCode 504 resp: {"request_id":"a951fa36ffd6766f7e5f7f1d462d6977","error_code":"APIGW.0201","error_msg":"Service GCS timed out (60000 ms)"}
] 
2019-12-26 10:27:01.425 +08:00 INFO gcs-cli 18762 gcs-cli/cmd/main.go main():13 - gcs-cli.[main.go:13] [welcome to gcs cli] 
2019-12-26 10:27:01.425 +08:00 INFO gcs-cli 18762 gcs-cli/cmd/main.go main():22 - gcs-cli.[main.go:22] [current user: suyanan, current command: [gcs sub wdl grandsv.wdl -i grandsv_inputs.json -o cci.options -d tasks.zip -n grandsv -s gcs-env-grand-med-research]] 
2019-12-26 10:27:01.916 +08:00 INFO gcs-cli 18762 gcs-cli/pkg/util/net/http.go sendReqResult():182 - gcs-cli.[http.go:182] [Send Request Result <nil> gcs.cn-north-1.myhuaweicloud.com https://gcs.cn-north-1.myhuaweicloud.com/v1/environments] 
2019-12-26 10:27:11.791 +08:00 INFO gcs-cli 18762 gcs-cli/pkg/commands/sub_wdl.go createWDLReq():240 - gcs-cli.[sub_wdl.go:240] [create wdl succeed] 
2019-12-26 10:27:11.791 +08:00 INFO gcs-cli 18762 gcs-cli/pkg/util/net/http.go sendReqResult():182 - gcs-cli.[http.go:182] [Send Request Result <nil> gcs.cn-north-1.myhuaweicloud.com https://gcs.cn-north-1.myhuaweicloud.com/v1/executions_extend] 
2019-12-26 10:27:11.791 +08:00 INFO gcs-cli 18762 gcs-cli/pkg/commands/sub_wdl.go SubWDL():119 - gcs-cli.[sub_wdl.go:119] [sub wdl succeed] 
2019-12-26 16:18:49.696 +08:00 INFO gcs-cli 29001 gcs-cli/cmd/main.go main():13 - gcs-cli.[main.go:13] [welcome to gcs cli] 
2019-12-26 16:18:49.696 +08:00 INFO gcs-cli 29001 gcs-cli/cmd/main.go main():22 - gcs-cli.[main.go:22] [current user: suyanan, current command: [gcs sub wdl grandsv.wdl -i grandsv_inputs.json -o cci.options -d tasks.zip -n grandsv -s gcs-env-grand-med-research]] 
2019-12-26 16:18:49.699 +08:00 INFO gcs-cli 29001 gcs-cli/pkg/util/iam/iam.go PrepareServiceToken():184 - gcs-cli.[iam.go:184] [service token req: https://iam.cn-north-1.myhuaweicloud.com/v3/auth/tokens] 
2019-12-26 16:18:49.729 +08:00 INFO gcs-cli 29001 gcs-cli/pkg/util/net/http.go sendReqResult():182 - gcs-cli.[http.go:182] [Send Request Result <nil> iam.cn-north-1.myhuaweicloud.com https://iam.cn-north-1.myhuaweicloud.com/v3/auth/tokens] 
2019-12-26 16:18:49.729 +08:00 INFO gcs-cli 29001 gcs-cli/pkg/util/iam/iam.go PrepareServiceToken():206 - gcs-cli.[iam.go:206] [Get token success] 
2019-12-26 16:18:50.069 +08:00 INFO gcs-cli 29001 gcs-cli/pkg/util/net/http.go sendReqResult():182 - gcs-cli.[http.go:182] [Send Request Result <nil> gcs.cn-north-1.myhuaweicloud.com https://gcs.cn-north-1.myhuaweicloud.com/v1/environments] 
2019-12-26 16:18:57.209 +08:00 INFO gcs-cli 29001 gcs-cli/pkg/commands/sub_wdl.go createWDLReq():240 - gcs-cli.[sub_wdl.go:240] [create wdl succeed] 
2019-12-26 16:18:57.210 +08:00 INFO gcs-cli 29001 gcs-cli/pkg/commands/sub_wdl.go SubWDL():119 - gcs-cli.[sub_wdl.go:119] [sub wdl succeed] 
2019-12-26 16:18:57.210 +08:00 INFO gcs-cli 29001 gcs-cli/pkg/util/net/http.go sendReqResult():182 - gcs-cli.[http.go:182] [Send Request Result <nil> gcs.cn-north-1.myhuaweicloud.com https://gcs.cn-north-1.myhuaweicloud.com/v1/executions_extend] 
2020-01-03 10:26:37.723 +08:00 INFO gcs-cli 15797 gcs-cli/cmd/main.go main():13 - gcs-cli.[main.go:13] [welcome to gcs cli] 
2020-01-03 10:26:37.724 +08:00 INFO gcs-cli 15797 gcs-cli/cmd/main.go main():22 - gcs-cli.[main.go:22] [current user: suyanan, current command: [gcs sub wdl grandsv.wdl -i grandsv_inputs.json -o cci.options -d tasks.zip -n grandsv -s gcs-env-grand-med-research]] 
2020-01-03 10:26:38.113 +08:00 INFO gcs-cli 15797 gcs-cli/pkg/util/net/http.go sendReqResult():182 - gcs-cli.[http.go:182] [Send Request Result <nil> gcs.cn-north-1.myhuaweicloud.com https://gcs.cn-north-1.myhuaweicloud.com/v1/environments] 
2020-01-03 10:26:47.272 +08:00 INFO gcs-cli 15797 gcs-cli/pkg/commands/sub_wdl.go createWDLReq():240 - gcs-cli.[sub_wdl.go:240] [create wdl succeed] 
2020-01-03 10:26:47.272 +08:00 INFO gcs-cli 15797 gcs-cli/pkg/util/net/http.go sendReqResult():182 - gcs-cli.[http.go:182] [Send Request Result <nil> gcs.cn-north-1.myhuaweicloud.com https://gcs.cn-north-1.myhuaweicloud.com/v1/executions_extend] 
2020-01-03 10:26:47.274 +08:00 INFO gcs-cli 15797 gcs-cli/pkg/commands/sub_wdl.go SubWDL():119 - gcs-cli.[sub_wdl.go:119] [sub wdl succeed] 
